<?xml version="1.0" encoding="UTF-8"?>
<!-- Generated by org.testng.reporters.JUnitReportReporter -->
<testsuite hostname="Neethas-MacBook-Pro.local" failures="0" tests="1" name="Test.verifyFilterTest" time="4.250" errors="0" timestamp="2021-03-12T08:15:56 IST" skipped="0">
  <testcase classname="Test.verifyFilterTest" name="Filter" time="4.250"/>
  <system-out/>
</testsuite> <!-- Test.verifyFilterTest -->
