<?xml version="1.0" encoding="UTF-8"?>
<!-- Generated by org.testng.reporters.JUnitReportReporter -->
<testsuite hostname="Neethas-MacBook-Pro.local" failures="0" tests="1" name="Test.verifyLoginTest" time="6.703" errors="0" timestamp="2021-03-12T08:15:56 IST" skipped="0">
  <testcase classname="Test.verifyLoginTest" name="login" time="6.703"/>
  <system-out>
<img src='/Users/neethamariamathew/FrameworkSample/20210312_081547.png'  </system-out>
</testsuite> <!-- Test.verifyLoginTest -->
