<?xml version="1.0" encoding="UTF-8"?>
<!-- Generated by org.testng.reporters.JUnitReportReporter -->
<testsuite hostname="Neethas-MacBook-Pro.local" failures="0" tests="5" name="Test.AllTest" time="34.514" errors="0" timestamp="2021-03-14T20:27:39 IST" skipped="0">
  <testcase classname="Test.AllTest" name="login" time="5.245"/>
  <system-out/>
  <testcase classname="Test.AllTest" name="searchRuby" time="3.598"/>
  <system-out/>
  <testcase classname="Test.AllTest" name="Filter" time="2.655"/>
  <system-out/>
  <testcase classname="Test.AllTest" name="removeItemsFromCart" time="12.877"/>
  <system-out/>
  <testcase classname="Test.AllTest" name="addProductsToCart" time="10.139"/>
  <system-out/>
</testsuite> <!-- Test.AllTest -->
