<?xml version="1.0" encoding="UTF-8"?>
<!-- Generated by org.testng.reporters.JUnitReportReporter -->
<testsuite hostname="Neethas-MacBook-Pro.local" failures="0" tests="1" name="Test.clearCartTest" time="15.986" errors="0" timestamp="2021-03-14T17:47:36 IST" skipped="0">
  <testcase classname="Test.clearCartTest" name="removeItemsFromCart" time="15.986"/>
  <system-out/>
</testsuite> <!-- Test.clearCartTest -->
