<?xml version="1.0" encoding="UTF-8"?>
<!-- Generated by org.testng.reporters.JUnitReportReporter -->
<testsuite hostname="Neethas-MacBook-Pro.local" failures="0" tests="5" name="Test.completeTest" time="35.347" errors="0" timestamp="2021-03-14T20:27:39 IST" skipped="0">
  <testcase classname="Test.completeTest" name="login" time="5.251"/>
  <system-out/>
  <testcase classname="Test.completeTest" name="searchRuby" time="4.415"/>
  <system-out/>
  <testcase classname="Test.completeTest" name="Filter" time="2.768"/>
  <system-out/>
  <testcase classname="Test.completeTest" name="removeItemsFromCart" time="14.432"/>
  <system-out/>
  <testcase classname="Test.completeTest" name="addProductsToCart" time="8.481"/>
  <system-out/>
</testsuite> <!-- Test.completeTest -->
