<?xml version="1.0" encoding="UTF-8"?>
<!-- Generated by org.testng.reporters.JUnitReportReporter -->
<testsuite hostname="Neethas-MacBook-Pro.local" failures="0" tests="1" name="Test.addToCartTest" time="14.151" errors="0" timestamp="2021-03-12T08:15:56 IST" skipped="0">
  <testcase classname="Test.addToCartTest" name="addProductsToCart" time="14.151"/>
  <system-out/>
</testsuite> <!-- Test.addToCartTest -->
