<?xml version="1.0" encoding="UTF-8"?>
<!-- Generated by org.testng.reporters.JUnitReportReporter -->
<testsuite hostname="Neethas-MacBook-Pro.local" failures="0" tests="1" name="Test.verifySearchTest" time="4.500" errors="0" timestamp="2021-03-14T17:47:36 IST" skipped="0">
  <testcase classname="Test.verifySearchTest" name="searchRuby" time="4.500"/>
  <system-out/>
</testsuite> <!-- Test.verifySearchTest -->
